<?xml version="1.0" encoding="UTF-8"?>
<!-- Generated by org.testng.reporters.JUnitXMLReporter -->
<testsuite ignored="0" hostname="LAPTOP-2L1T4PHP" failures="0" tests="5" name="TestNGTest1" time="61.383" errors="0" timestamp="03 Mar 2020 16:04:46 GMT">
  <testcase classname="com.testCases.JMB_TC_001" name="JMB_TC_001" time="6.676"/>
  <testcase classname="com.testCases.JMB_TC_002" name="JMB_TC_002" time="5.3"/>
  <testcase classname="com.testCases.JMB_TC_003" name="JMB_TC_003" time="11.653"/>
  <testcase classname="com.testCases.JMB_TC_004" name="JMB_TC_004" time="3.84"/>
  <testcase classname="com.testCases.JMB_TC_005" name="JMB_TC_005" time="2.962"/>
</testsuite> <!-- TestNGTest1 -->
