<?xml version="1.0" encoding="UTF-8"?>
<testsuite xmlns:xsi="http://www.w3.org/2001/XMLSchema-instance" xsi:schemaLocation="https://maven.apache.org/surefire/maven-surefire-plugin/xsd/surefire-test-report.xsd" name="TestSuite" time="62.293" tests="5" errors="0" skipped="0" failures="0">
  <properties>
[...]
</properties>
  <testcase name="JMB_TC_001" classname="com.testCases.JMB_TC_001" time="6.685"/>
  <testcase name="JMB_TC_002" classname="com.testCases.JMB_TC_002" time="5.301"/>
  <testcase name="JMB_TC_003" classname="com.testCases.JMB_TC_003" time="11.655"/>
  <testcase name="JMB_TC_004" classname="com.testCases.JMB_TC_004" time="3.84"/>
  <testcase name="JMB_TC_005" classname="com.testCases.JMB_TC_005" time="2.962"/>
</testsuite>