<?xml version="1.0" encoding="UTF-8"?>
<testng-results ignored="0" total="5" passed="5" failed="0" skipped="0">
  <reporter-output>
  </reporter-output>
  <suite started-at="2020-03-03T16:03:44Z" name="JomboneTestSuite" finished-at="2020-03-03T16:04:46Z" duration-ms="61383">
    <groups>
    </groups>
    <test started-at="2020-03-03T16:03:44Z" name="TestNGTest1" finished-at="2020-03-03T16:04:46Z" duration-ms="61383">
      <class name="com.testCases.JMB_TC_001">
        <test-method is-config="true" signature="setup()[pri:0, instance:com.testCases.JMB_TC_001@38425407]" started-at="2020-03-03T16:03:44Z" name="setup" finished-at="2020-03-03T16:03:49Z" duration-ms="4480" status="PASS">
          <reporter-output>
          </reporter-output>
        </test-method> <!-- setup -->
        <test-method signature="JMB_TC_001()[pri:1, instance:com.testCases.JMB_TC_001@38425407]" started-at="2020-03-03T16:03:49Z" name="JMB_TC_001" finished-at="2020-03-03T16:03:56Z" duration-ms="6676" status="PASS">
          <reporter-output>
          </reporter-output>
        </test-method> <!-- JMB_TC_001 -->
        <test-method is-config="true" signature="tearDown()[pri:0, instance:com.testCases.JMB_TC_001@38425407]" started-at="2020-03-03T16:03:56Z" name="tearDown" finished-at="2020-03-03T16:03:56Z" duration-ms="647" status="PASS">
          <reporter-output>
          </reporter-output>
        </test-method> <!-- tearDown -->
      </class> <!-- com.testCases.JMB_TC_001 -->
      <class name="com.testCases.JMB_TC_002">
        <test-method is-config="true" signature="setup()[pri:0, instance:com.testCases.JMB_TC_002@43bc63a3]" started-at="2020-03-03T16:03:56Z" name="setup" finished-at="2020-03-03T16:04:02Z" duration-ms="5826" status="PASS">
          <reporter-output>
          </reporter-output>
        </test-method> <!-- setup -->
        <test-method signature="JMB_TC_002()[pri:2, instance:com.testCases.JMB_TC_002@43bc63a3]" started-at="2020-03-03T16:04:02Z" name="JMB_TC_002" finished-at="2020-03-03T16:04:07Z" duration-ms="5300" status="PASS">
          <reporter-output>
          </reporter-output>
        </test-method> <!-- JMB_TC_002 -->
        <test-method is-config="true" signature="tearDown()[pri:0, instance:com.testCases.JMB_TC_002@43bc63a3]" started-at="2020-03-03T16:04:07Z" name="tearDown" finished-at="2020-03-03T16:04:08Z" duration-ms="638" status="PASS">
          <reporter-output>
          </reporter-output>
        </test-method> <!-- tearDown -->
      </class> <!-- com.testCases.JMB_TC_002 -->
      <class name="com.testCases.JMB_TC_003">
        <test-method is-config="true" signature="setup()[pri:0, instance:com.testCases.JMB_TC_003@702657cc]" started-at="2020-03-03T16:04:08Z" name="setup" finished-at="2020-03-03T16:04:13Z" duration-ms="4929" status="PASS">
          <reporter-output>
          </reporter-output>
        </test-method> <!-- setup -->
        <test-method signature="JMB_TC_003()[pri:3, instance:com.testCases.JMB_TC_003@702657cc]" started-at="2020-03-03T16:04:13Z" name="JMB_TC_003" finished-at="2020-03-03T16:04:25Z" duration-ms="11653" status="PASS">
          <reporter-output>
          </reporter-output>
        </test-method> <!-- JMB_TC_003 -->
        <test-method is-config="true" signature="tearDown()[pri:0, instance:com.testCases.JMB_TC_003@702657cc]" started-at="2020-03-03T16:04:25Z" name="tearDown" finished-at="2020-03-03T16:04:25Z" duration-ms="660" status="PASS">
          <reporter-output>
          </reporter-output>
        </test-method> <!-- tearDown -->
      </class> <!-- com.testCases.JMB_TC_003 -->
      <class name="com.testCases.JMB_TC_004">
        <test-method is-config="true" signature="setup()[pri:0, instance:com.testCases.JMB_TC_004@6a6cb05c]" started-at="2020-03-03T16:04:25Z" name="setup" finished-at="2020-03-03T16:04:33Z" duration-ms="7329" status="PASS">
          <reporter-output>
          </reporter-output>
        </test-method> <!-- setup -->
        <test-method signature="JMB_TC_004()[pri:3, instance:com.testCases.JMB_TC_004@6a6cb05c]" started-at="2020-03-03T16:04:33Z" name="JMB_TC_004" finished-at="2020-03-03T16:04:36Z" duration-ms="3840" status="PASS">
          <reporter-output>
          </reporter-output>
        </test-method> <!-- JMB_TC_004 -->
        <test-method is-config="true" signature="tearDown()[pri:0, instance:com.testCases.JMB_TC_004@6a6cb05c]" started-at="2020-03-03T16:04:36Z" name="tearDown" finished-at="2020-03-03T16:04:37Z" duration-ms="661" status="PASS">
          <reporter-output>
          </reporter-output>
        </test-method> <!-- tearDown -->
      </class> <!-- com.testCases.JMB_TC_004 -->
      <class name="com.testCases.JMB_TC_005">
        <test-method is-config="true" signature="setup()[pri:0, instance:com.testCases.JMB_TC_005@40a4337a]" started-at="2020-03-03T16:04:37Z" name="setup" finished-at="2020-03-03T16:04:42Z" duration-ms="4907" status="PASS">
          <reporter-output>
          </reporter-output>
        </test-method> <!-- setup -->
        <test-method signature="JMB_TC_005()[pri:5, instance:com.testCases.JMB_TC_005@40a4337a]" started-at="2020-03-03T16:04:42Z" name="JMB_TC_005" finished-at="2020-03-03T16:04:45Z" duration-ms="2962" status="PASS">
          <reporter-output>
          </reporter-output>
        </test-method> <!-- JMB_TC_005 -->
        <test-method is-config="true" signature="tearDown()[pri:0, instance:com.testCases.JMB_TC_005@40a4337a]" started-at="2020-03-03T16:04:45Z" name="tearDown" finished-at="2020-03-03T16:04:46Z" duration-ms="642" status="PASS">
          <reporter-output>
          </reporter-output>
        </test-method> <!-- tearDown -->
      </class> <!-- com.testCases.JMB_TC_005 -->
    </test> <!-- TestNGTest1 -->
  </suite> <!-- JomboneTestSuite -->
</testng-results>
