<?xml version="1.0" encoding="UTF-8"?>
<testsuite xmlns:xsi="http://www.w3.org/2001/XMLSchema-instance" xsi:schemaLocation="https://maven.apache.org/surefire/maven-surefire-plugin/xsd/surefire-test-report.xsd" name="TestSuite" time="101.58" tests="5" errors="0" skipped="0" failures="1">
  <properties>
[...]
</properties>
  <testcase name="JMB_TC_001" classname="com.testCases.JMB_TC_001" time="11.789"/>
  <testcase name="JMB_TC_002" classname="com.testCases.JMB_TC_002" time="6.759">
    <failure message="The following asserts failed:&#10;	expected [false] but found [true]" type="java.lang.AssertionError">java.lang.AssertionError: 
The following asserts failed:
	expected [false] but found [true]
	at com.testCases.JMB_TC_002.JMB_TC_002(JMB_TC_002.java:62)
</failure>
    <system-out><![CDATA[DEBUG [main] (BaseClass.java:45)- Debug logging has started 
 INFO [main] (JMB_TC_002.java:37)- Login Successful!
 INFO [main] (JMB_TC_002.java:59)- Test Failed! Widnow didnt opened as expected
Screenshot taken
]]></system-out>
    <system-err><![CDATA[Starting ChromeDriver 2.40.565498 (ea082db3280dd6843ebfb08a625e3eb905c4f5ab) on port 5377
Only local connections are allowed.
[1583198325.719][WARNING]: Timed out connecting to Chrome, retrying...
Mar 02, 2020 8:18:47 PM org.openqa.selenium.remote.ProtocolHandshake createSession
INFO: Detected dialect: OSS
[1583198331.824][WARNING]: Timed out connecting to Chrome, retrying...
]]></system-err>
  </testcase>
  <testcase name="JMB_TC_003" classname="com.testCases.JMB_TC_003" time="13.251"/>
  <testcase name="JMB_TC_004" classname="com.testCases.JMB_TC_004" time="4.179"/>
  <testcase name="JMB_TC_005" classname="com.testCases.JMB_TC_005" time="2.612"/>
</testsuite>