<?xml version="1.0" encoding="UTF-8"?>
<!-- Generated by org.testng.reporters.JUnitXMLReporter -->
<testsuite hostname="DESKTOP-8MTSPKV" ignored="0" name="TestNGTest1" tests="5" failures="1" timestamp="01 Mar 2020 17:36:47 GMT" time="109.661" errors="0">
  <testcase name="JMB_TC_001" time="12.857" classname="com.testCases.JMB_TC_001"/>
  <testcase name="JMB_TC_002" time="6.714" classname="com.testCases.JMB_TC_002">
    <failure type="java.lang.AssertionError" message="The following asserts failed:
	expected [false] but found [true]">
      <![CDATA[java.lang.AssertionError: The following asserts failed:
expected [false] but found [true]
at com.testCases.JMB_TC_002.JMB_TC_002(JMB_TC_002.java:62)
... Removed 26 stack frames]]>
    </failure>
  </testcase> <!-- JMB_TC_002 -->
  <testcase name="JMB_TC_003" time="10.63" classname="com.testCases.JMB_TC_003"/>
  <testcase name="JMB_TC_004" time="5.002" classname="com.testCases.JMB_TC_004"/>
  <testcase name="JMB_TC_005" time="3.434" classname="com.testCases.JMB_TC_005"/>
</testsuite> <!-- TestNGTest1 -->
